<?xml version="1.0" encoding="UTF-8" standalone="yes"?><!DOCTYPE report PUBLIC "-//JACOCO//DTD Report 1.1//EN" "report.dtd"><report name="demo2"><sessioninfo id="DESKTOP-7P5RSAI-724c1c8" start="1661236754322" dump="1661236756670"/><package name="com/example/demo2"><class name="com/example/demo2/App" sourcefilename="App.java"><method name="&lt;init&gt;" desc="()V" line="7"><counter type="INSTRUCTION" missed="0" covered="3"/><counter type="LINE" missed="0" covered="1"/><counter type="COMPLEXITY" missed="0" covered="1"/><counter type="METHOD" missed="0" covered="1"/></method><method name="add" desc="(II)I" line="13"><counter type="INSTRUCTION" missed="0" covered="18"/><counter type="BRANCH" missed="1" covered="7"/><counter type="LINE" missed="0" covered="5"/><counter type="COMPLEXITY" missed="1" covered="4"/><counter type="METHOD" missed="0" covered="1"/></method><counter type="INSTRUCTION" missed="0" covered="21"/><counter type="BRANCH" missed="1" covered="7"/><counter type="LINE" missed="0" covered="6"/><counter type="COMPLEXITY" missed="1" covered="5"/><counter type="METHOD" missed="0" covered="2"/><counter type="CLASS" missed="0" covered="1"/></class><sourcefile name="App.java"><line nr="7" mi="0" ci="3" mb="0" cb="0"/><line nr="13" mi="0" ci="4" mb="0" cb="4"/><line nr="14" mi="0" ci="2" mb="0" cb="0"/><line nr="16" mi="0" ci="6" mb="1" cb="3"/><line nr="18" mi="0" ci="2" mb="0" cb="0"/><line nr="21" mi="0" ci="4" mb="0" cb="0"/><counter type="INSTRUCTION" missed="0" covered="21"/><counter type="BRANCH" missed="1" covered="7"/><counter type="LINE" missed="0" covered="6"/><counter type="COMPLEXITY" missed="1" covered="5"/><counter type="METHOD" missed="0" covered="2"/><counter type="CLASS" missed="0" covered="1"/></sourcefile><counter type="INSTRUCTION" missed="0" covered="21"/><counter type="BRANCH" missed="1" covered="7"/><counter type="LINE" missed="0" covered="6"/><counter type="COMPLEXITY" missed="1" covered="5"/><counter type="METHOD" missed="0" covered="2"/><counter type="CLASS" missed="0" covered="1"/></package><counter type="INSTRUCTION" missed="0" covered="21"/><counter type="BRANCH" missed="1" covered="7"/><counter type="LINE" missed="0" covered="6"/><counter type="COMPLEXITY" missed="1" covered="5"/><counter type="METHOD" missed="0" covered="2"/><counter type="CLASS" missed="0" covered="1"/></report>